build/app/outputs/mapping/release/seeds.txt
com.google.android.gms.measurement.internal.zzy: java.lang.Boolean zze
com.google.android.gms.internal.firebase-auth-api.zzww: com.google.firebase.auth.PhoneAuthCredential zza
com.google.firebase.auth.internal.zzt: boolean zzh
com.google.android.datatransport.cct.CctTransportBackend$HttpRequest: java.net.URL url
com.google.android.play.core.assetpacks.zzbp: long zzd
io.flutter.FlutterInjector$Builder: io.flutter.embedding.engine.loader.FlutterLoader flutterLoader
com.google.android.gms.internal.firebase-auth-api.zzev: com.google.android.gms.internal.firebase-auth-api.zzet zzd
com.google.android.gms.common.api.internal.zaaf: com.google.android.gms.common.api.internal.ApiKey zaa
com.google.android.gms.common.api.internal.BasePendingResult: com.google.android.gms.common.api.internal.zada zap
com.google.android.gms.common.api.internal.zacv: com.google.android.gms.common.api.internal.TaskApiCall$Builder zaa
kotlinx.coroutines.internal.DispatchedContinuation: kotlin.coroutines.Continuation continuation
com.google.android.play.core.assetpacks.zzce: long zzb
com.google.android.gms.internal.measurement.zznd: com.google.android.gms.internal.measurement.zznd zzk
com.google.firebase.auth.FirebaseAuth: java.lang.Object zzj
com.google.android.gms.measurement.internal.zzim: com.google.android.gms.measurement.internal.zzis zze
com.google.android.gms.internal.measurement.zzkp: java.lang.Class zzl
androidx.window.layout.SidecarCompat: androidx.window.layout.ExtensionInterfaceCompat$ExtensionCallbackInterface extensionCallback
com.google.android.gms.common.api.internal.BasePendingResult: com.google.android.gms.common.api.Status zak
com.google.android.gms.measurement.internal.zzeb: com.google.android.gms.measurement.internal.zzea zzH
com.google.android.gms.internal.firebase-auth-api.zzza: java.lang.String zzb
com.google.android.gms.internal.firebase-auth-api.zzaff: com.google.android.gms.internal.firebase-auth-api.zzaff zzi
com.google.firebase.auth.internal.zzbd: com.google.android.gms.tasks.Task zzd
android.support.v4.media.session.MediaSessionCompat$ResultReceiverWrapper: android.os.Parcelable$Creator CREATOR
com.google.android.gms.measurement.internal.zzkz: com.google.android.gms.measurement.internal.zzlb zzi
com.google.android.gms.internal.firebase-auth-api.zzzs: java.lang.String zza
androidx.activity.OnBackPressedDispatcher$LifecycleOnBackPressedCancellable: androidx.activity.Cancellable mCurrentCancellable
com.google.android.play.core.assetpacks.zzax: com.google.android.play.core.internal.zzcs zza
androidx.fragment.app.FragmentState: boolean mRemoving
com.google.android.play.core.assetpacks.zzea: com.google.android.play.core.internal.zzcs zzd
com.google.android.datatransport.cct.internal.QosTier: com.google.android.datatransport.cct.internal.QosTier DEFAULT
com.baseflow.geolocator.errors.ErrorCodes: com.baseflow.geolocator.errors.ErrorCodes activityMissing
com.google.android.gms.internal.measurement.zzar: int zzb
com.dexterous.flutterlocalnotifications.models.NotificationChannelDetails: java.lang.String PLAY_SOUND
com.google.android.datatransport.runtime.scheduling.persistence.SQLiteEventStore: com.google.android.datatransport.runtime.scheduling.persistence.EventStoreConfig config
com.google.android.gms.internal.firebase-auth-api.zzep: int zzb
com.google.android.gms.internal.firebase-auth-api.zzzy: int zza
com.google.firebase.auth.OAuthProvider$Builder: com.google.firebase.auth.FirebaseAuth zzb
com.google.firebase.auth.internal.zzbm: com.google.firebase.auth.internal.zzbd zzb
com.google.firebase.auth.TwitterAuthCredential: java.lang.String zza
kotlin.KotlinVersion: int major
com.google.firebase.auth.ActionCodeSettings$Builder: java.lang.String zzg
com.google.firebase.auth.internal.zzbi: int zza
com.google.android.gms.measurement.internal.zzfd: com.google.android.gms.measurement.internal.zzfc zzh