build/app/outputs/mapping/release/mapping.txt
# compiler: R8
# compiler_version: 2.2.66
# min_api: 21
# pg_map_id: 9aef3e4
# common_typos_disable
...
com.google.android.gms.internal.firebase-auth-api.zzol -> d.c.a.b.f.f.fj:
    java.lang.ThreadLocal zza -> a
    int zzd -> d
    javax.crypto.spec.SecretKeySpec zzb -> b
    int zzc -> c
    byte[] zza(byte[]) -> a
com.google.android.gms.internal.firebase-auth-api.zzom -> d.c.a.b.f.f.gj:
    javax.crypto.Cipher zza() -> a
com.google.android.gms.internal.firebase-auth-api.zzon -> d.c.a.b.f.f.hj:
    javax.crypto.Cipher zza() -> a
com.google.android.gms.internal.firebase-auth-api.zzoo -> d.c.a.b.f.f.ij:
    javax.crypto.spec.SecretKeySpec zze -> e
    java.lang.ThreadLocal zza -> a
    java.lang.ThreadLocal zzb -> b
    int zzf -> f
    byte[] zzd -> d
    byte[] zzc -> c
    byte[] zza(byte[],byte[]) -> a
    byte[] zzb(byte[],byte[]) -> b
    byte[] zzc(byte[]) -> c
    byte[] zzd(javax.crypto.Cipher,int,byte[],int,int) -> d
    byte[] zze(byte[],byte[]) -> e
com.google.android.gms.internal.firebase-auth-api.zzop -> d.c.a.b.f.f.jj:
    com.google.android.gms.internal.firebase-auth-api.zzdl zza -> a
    byte[] zza(byte[],byte[]) -> a
    byte[] zzb(byte[],byte[]) -> b
com.google.android.gms.internal.firebase-auth-api.zzoq -> d.c.a.b.f.f.kj:
    byte[] zzb -> b
    java.util.Collection zza -> a
    com.google.android.gms.internal.firebase-auth-api.zzpn zzc -> c
    byte[] zzd -> d
    byte[] zza(byte[],byte[]) -> a
com.google.android.gms.internal.firebase-auth-api.zzor -> d.c.a.b.f.f.lj:
    void zza(java.nio.ByteBuffer,java.nio.ByteBuffer,java.nio.ByteBuffer,int) -> a
    boolean zzb(byte[],byte[]) -> b
    byte[] zzc(byte[][]) -> c
    byte[] zzd(byte[],byte[]) -> d
    byte[] zze(byte[],int,byte[],int,int) -> e
com.google.android.gms.internal.firebase-auth-api.zzos -> d.c.a.b.f.f.mj:
    com.google.android.gms.internal.firebase-auth-api.zzdo zza -> a
    byte[] zza(byte[],byte[]) -> a
    byte[] zzb(byte[],byte[]) -> b
com.google.android.gms.internal.firebase-auth-api.zzot -> d.c.a.b.f.f.nj:
    byte[][] zza -> a
    int zzb -> b
    void zza(long[],long[],int) -> a
com.google.android.gms.internal.firebase-auth-api.zzou -> d.c.a.b.f.f.oj:
    int zza() -> a
    com.google.android.gms.internal.firebase-auth-api.zzfk zzb(byte[]) -> b
com.google.android.gms.internal.firebase-auth-api.zzov -> d.c.a.b.f.f.pj:
    com.google.android.gms.internal.firebase-auth-api.zzox zzc -> c
    byte[] zza -> a
    int zzg -> g
    com.google.android.gms.internal.firebase-auth-api.zzou zzf -> f
    java.security.interfaces.ECPrivateKey zzb -> b
    java.lang.String zzd -> d
    byte[] zze -> e
    byte[] zza(byte[],byte[]) -> a
com.google.android.gms.internal.firebase-auth-api.zzow -> d.c.a.b.f.f.qj:
    com.google.android.gms.internal.firebase-auth-api.zzoy zza -> a
    com.google.android.gms.internal.firebase-auth-api.zzou zzd -> d
    java.lang.String zzb -> b
    byte[] zzc -> c
com.google.android.gms.internal.firebase-auth-api.zzox -> d.c.a.b.f.f.rj:
    java.security.interfaces.ECPrivateKey zza -> a
    byte[] zza(byte[],java.lang.String,byte[],byte[],int,int) -> a
com.google.android.gms.internal.firebase-auth-api.zzoy -> d.c.a.b.f.f.sj:
    java.security.interfaces.ECPublicKey zza -> a